<?xml version="1.0" encoding="UTF-8"?>
<testng-results ignored="0" total="1" passed="1" failed="0" skipped="0">
  <reporter-output>
  </reporter-output>
  <suite started-at="2024-12-08T23:06:12 IST" name="Default suite" finished-at="2024-12-08T23:06:53 IST" duration-ms="41645">
    <groups>
    </groups>
    <test started-at="2024-12-08T23:06:12 IST" name="Default test" finished-at="2024-12-08T23:06:53 IST" duration-ms="41645">
      <class name="com.test.SearchPageTest">
        <test-method is-config="true" signature="beforeSuite()[pri:0, instance:com.test.SearchPageTest@815b41f]" started-at="2024-12-08T23:06:10 IST" name="beforeSuite" finished-at="2024-12-08T23:06:12 IST" duration-ms="1716" status="PASS">
          <reporter-output>
          </reporter-output>
        </test-method> <!-- beforeSuite -->
        <test-method is-config="true" signature="IntializationBrowser()[pri:0, instance:com.test.SearchPageTest@815b41f]" started-at="2024-12-08T23:06:12 IST" name="IntializationBrowser" finished-at="2024-12-08T23:06:22 IST" duration-ms="9922" status="PASS">
          <reporter-output>
          </reporter-output>
        </test-method> <!-- IntializationBrowser -->
        <test-method signature="TC_03()[pri:0, instance:com.test.SearchPageTest@815b41f]" started-at="2024-12-08T23:06:22 IST" name="TC_03" finished-at="2024-12-08T23:06:53 IST" duration-ms="31646" status="PASS">
          <reporter-output>
          </reporter-output>
        </test-method> <!-- TC_03 -->
      </class> <!-- com.test.SearchPageTest -->
    </test> <!-- Default test -->
  </suite> <!-- Default suite -->
</testng-results>
